<?xml version="1.0" encoding="UTF-8"?>
<TestRun id="95c42a5c-597f-4a47-a29f-4551fed3c3df" name="Igor Starodynov@IGORSTARODYNOV 2012-04-05 10:05:20" runUser="IgorStarodynov\Igor Starodynov" xmlns="http://microsoft.com/schemas/VisualStudio/TeamTest/2010">
  <TestSettings name="Local" id="12d77f06-14f5-47b2-8e32-736f99c240b8">
    <Description>These are default test settings for a local test run.</Description>
    <Deployment enabled="false" runDeploymentRoot="Igor Starodynov_IGORSTARODYNOV 2012-04-05 10_05_20">
      <DeploymentItem filename="D:\Documents\Dropbox\Education\Visual Studio 2010\Projects\Multitier Project\apps\lib\DesktopClient.exe" />
      <DeploymentItem filename="D:\Documents\Dropbox\Education\Visual Studio 2010\Projects\Multitier Project\apps\src\ApplicationServer\bin\Debug\ApplicationServer.exe" />
      <DeploymentItem filename="D:\Documents\Dropbox\Education\Visual Studio 2010\Projects\Multitier Project\apps\src\ORM\bin\Debug\ORM.dll" />
    </Deployment>
    <Execution>
      <TestTypeSpecific />
      <AgentRule name="Execution Agents">
      </AgentRule>
    </Execution>
  </TestSettings>
  <Times creation="2012-04-05T10:05:20.0961353+03:00" queuing="2012-04-05T10:05:24.4663852+03:00" start="2012-04-05T10:05:24.8534074+03:00" finish="2012-04-05T10:05:51.4389280+03:00" />
  <ResultSummary outcome="Error">
    <Counters total="1" executed="1" error="0" failed="0" timeout="0" aborted="1" inconclusive="0" passedButRunAborted="0" notRunnable="0" notExecuted="0" disconnected="0" warning="0" passed="0" completed="0" inProgress="0" pending="0" />
    <RunInfos>
      <RunInfo computerName="IGORSTARODYNOV" outcome="Error" timestamp="2012-04-05T10:05:51.4359278+03:00">
        <Text>Test host process exited unexpectedly.</Text>
      </RunInfo>
    </RunInfos>
  </ResultSummary>
  <TestDefinitions>
    <UnitTest name="ServerWrongIP" storage="d:\documents\dropbox\education\visual studio 2010\projects\multitier project\apps\src\testproject\bin\debug\testproject.dll" id="04d9bcef-1fef-ce23-1fe3-628150698f55">
      <Execution id="ca116d52-0c1b-4a52-b884-24c5ca9f9fcb" />
      <TestMethod codeBase="D:/Documents/Dropbox/Education/Visual Studio 2010/Projects/Multitier Project/apps/src/TestProject/bin/Debug/TestProject.DLL" adapterTypeName="Microsoft.VisualStudio.TestTools.TestTypes.Unit.UnitTestAdapter, Microsoft.VisualStudio.QualityTools.Tips.UnitTest.Adapter, Version=10.0.0.0, Culture=neutral, PublicKeyToken=b03f5f7f11d50a3a" className="TestProject.UnitTest, TestProject, Version=1.0.0.0, Culture=neutral, PublicKeyToken=null" name="ServerWrongIP" />
    </UnitTest>
  </TestDefinitions>
  <TestLists>
    <TestList name="Results Not in a List" id="8c84fa94-04c1-424b-9868-57a2d4851a1d" />
    <TestList name="All Loaded Results" id="19431567-8539-422a-85d7-44ee4e166bda" />
  </TestLists>
  <TestEntries>
    <TestEntry testId="04d9bcef-1fef-ce23-1fe3-628150698f55" executionId="ca116d52-0c1b-4a52-b884-24c5ca9f9fcb" testListId="8c84fa94-04c1-424b-9868-57a2d4851a1d" />
  </TestEntries>
  <Results>
    <UnitTestResult executionId="ca116d52-0c1b-4a52-b884-24c5ca9f9fcb" testId="04d9bcef-1fef-ce23-1fe3-628150698f55" testName="ServerWrongIP" computerName="IGORSTARODYNOV" duration="00:00:26.2875036" startTime="2012-04-05T10:05:25.1514244+03:00" endTime="2012-04-05T10:05:51.4389280+03:00" testType="13cdc9d9-ddb5-4fa4-a97d-d965ccfc6d4b" outcome="Aborted" testListId="8c84fa94-04c1-424b-9868-57a2d4851a1d" relativeResultsDirectory="ca116d52-0c1b-4a52-b884-24c5ca9f9fcb">
    </UnitTestResult>
  </Results>
</TestRun>